[2025-11-20T11:03:33.803Z] InvalidCharacterError: Invalid character
    at atob (node:buffer:1302:13)
    at base64DecodeUnicode (/workspaces/factorioBP-javascript/main.js:11:29)
    at Object.<anonymous> (/workspaces/factorioBP-javascript/main.js:17:17)
    at Module._compile (node:internal/modules/cjs/loader:1706:14)
    at Object..js (node:internal/modules/cjs/loader:1839:10)
    at Module.load (node:internal/modules/cjs/loader:1441:32)
    at Function._load (node:internal/modules/cjs/loader:1263:12)
    at TracingChannel.traceSync (node:diagnostics_channel:328:14)
    at wrapModuleLoad (node:internal/modules/cjs/loader:237:24)
    at Function.executeUserEntryPoint [as runMain] (node:internal/modules/run_main:171:5)
[2025-11-20T11:06:16.154Z] Error: incorrect header check
    at genericNodeError (node:internal/errors:983:15)
    at wrappedFn (node:internal/errors:537:14)
    at Zlib.zlibOnError [as onerror] (node:zlib:190:17)
    at processChunkSync (node:zlib:429:12)
    at zlibBufferSync (node:zlib:179:12)
    at Object.syncBufferWrapper [as inflateSync] (node:zlib:789:14)
    at decodeFactorioBlueprint (/workspaces/factorioBP-javascript/main.js:17:29)
    at Object.<anonymous> (/workspaces/factorioBP-javascript/main.js:26:17)
    at Module._compile (node:internal/modules/cjs/loader:1706:14)
    at Object..js (node:internal/modules/cjs/loader:1839:10)
[2025-11-20T11:09:48.469Z] TypeError [ERR_INVALID_ARG_TYPE]: The "fd" argument must be of type number. Received type string ('blueprint.json')
    at Object.write (node:fs:817:8)
    at Object.<anonymous> (/workspaces/factorioBP-javascript/main.js:28:4)
    at Module._compile (node:internal/modules/cjs/loader:1706:14)
    at Object..js (node:internal/modules/cjs/loader:1839:10)
    at Module.load (node:internal/modules/cjs/loader:1441:32)
    at Function._load (node:internal/modules/cjs/loader:1263:12)
    at TracingChannel.traceSync (node:diagnostics_channel:328:14)
    at wrapModuleLoad (node:internal/modules/cjs/loader:237:24)
    at Function.executeUserEntryPoint [as runMain] (node:internal/modules/run_main:171:5)
    at node:internal/main/run_main_module:36:49
[2025-11-20T11:29:18.439Z] TypeError: Cannot read properties of undefined (reading 'entities')
    at Object.<anonymous> (/workspaces/factorioBP-javascript/main.js:73:47)
    at Module._compile (node:internal/modules/cjs/loader:1706:14)
    at Object..js (node:internal/modules/cjs/loader:1839:10)
    at Module.load (node:internal/modules/cjs/loader:1441:32)
    at Function._load (node:internal/modules/cjs/loader:1263:12)
    at TracingChannel.traceSync (node:diagnostics_channel:328:14)
    at wrapModuleLoad (node:internal/modules/cjs/loader:237:24)
    at Function.executeUserEntryPoint [as runMain] (node:internal/modules/run_main:171:5)
    at node:internal/main/run_main_module:36:49
